<?xml version="1.0" encoding="UTF-8"?>
<testng-results skipped="0" failed="0" ignored="0" total="1" passed="1">
  <reporter-output>
  </reporter-output>
  <suite name="Default suite" duration-ms="62621" started-at="2022-07-04T21:24:41 EDT" finished-at="2022-07-04T21:25:44 EDT">
    <groups>
    </groups>
    <test name="Default test" duration-ms="62621" started-at="2022-07-04T21:24:41 EDT" finished-at="2022-07-04T21:25:44 EDT">
      <class name="vPro.SendEmailSpotListViewTest">
        <test-method status="PASS" signature="launchBrowser()[pri:0, instance:vPro.SendEmailSpotListViewTest@569cfc36]" name="launchBrowser" is-config="true" duration-ms="10751" started-at="2022-07-04T21:24:41 EDT" finished-at="2022-07-04T21:24:52 EDT">
          <reporter-output>
          </reporter-output>
        </test-method> <!-- launchBrowser -->
        <test-method status="PASS" signature="sendEmail()[pri:0, instance:vPro.SendEmailSpotListViewTest@569cfc36]" name="sendEmail" duration-ms="51628" started-at="2022-07-04T21:24:52 EDT" finished-at="2022-07-04T21:25:43 EDT">
          <reporter-output>
          </reporter-output>
        </test-method> <!-- sendEmail -->
        <test-method status="PASS" signature="terminateBrowser()[pri:0, instance:vPro.SendEmailSpotListViewTest@569cfc36]" name="terminateBrowser" is-config="true" duration-ms="188" started-at="2022-07-04T21:25:43 EDT" finished-at="2022-07-04T21:25:44 EDT">
          <reporter-output>
          </reporter-output>
        </test-method> <!-- terminateBrowser -->
      </class> <!-- vPro.SendEmailSpotListViewTest -->
    </test> <!-- Default test -->
  </suite> <!-- Default suite -->
</testng-results>
