<?xml version="1.0" encoding="UTF-8"?>
<!-- Generated by org.testng.reporters.JUnitXMLReporter -->
<testsuite hostname="Juns-MacBook-Pro-2.local" ignored="4" name="Test" tests="4" failures="0" timestamp="2022-04-21T16:12:20 EDT" time="119.355" errors="0">
  <testcase name="loginValidation" time="4.372" classname="vPro.LoginValidationTest"/>
  <testcase name="login" time="10.728" classname="vPro.SmokeTest"/>
  <testcase name="newRequest" time="54.909" classname="vPro.SmokeTest"/>
  <testcase name="ghosting" time="24.925" classname="vPro.GhostingTest"/>
  <testcase name="@AfterTest terminateBrowser" time="0.0" classname="vPro.BaseTest">
    <ignored/>
  </testcase> <!-- @AfterTest terminateBrowser -->
  <testcase name="@AfterTest terminateBrowser" time="0.0" classname="vPro.BaseTest">
    <ignored/>
  </testcase> <!-- @AfterTest terminateBrowser -->
  <testcase name="@BeforeTest launchBrowser" time="0.0" classname="vPro.BaseTest">
    <ignored/>
  </testcase> <!-- @BeforeTest launchBrowser -->
  <testcase name="@BeforeTest launchBrowser" time="0.0" classname="vPro.BaseTest">
    <ignored/>
  </testcase> <!-- @BeforeTest launchBrowser -->
</testsuite> <!-- Test -->
