<?xml version="1.0" encoding="UTF-8"?>
<!-- Generated by org.testng.reporters.JUnitXMLReporter -->
<testsuite hostname="Juns-MacBook-Pro-2.local" ignored="4" name="Test" tests="4" failures="0" timestamp="2022-04-22T15:05:11 EDT" time="104.713" errors="0">
  <testcase name="loginValidation" time="4.715" classname="vPro.LoginValidationTest"/>
  <testcase name="login" time="10.523" classname="vPro.SmokeTest"/>
  <testcase name="newRequest" time="52.581" classname="vPro.SmokeTest"/>
  <testcase name="ghosting" time="23.856" classname="vPro.GhostingTest"/>
  <testcase name="@AfterTest terminateBrowser" time="0.0" classname="vPro.BaseTest">
    <ignored/>
  </testcase> <!-- @AfterTest terminateBrowser -->
  <testcase name="@AfterTest terminateBrowser" time="0.0" classname="vPro.BaseTest">
    <ignored/>
  </testcase> <!-- @AfterTest terminateBrowser -->
  <testcase name="@BeforeTest launchBrowser" time="0.0" classname="vPro.BaseTest">
    <ignored/>
  </testcase> <!-- @BeforeTest launchBrowser -->
  <testcase name="@BeforeTest launchBrowser" time="0.0" classname="vPro.BaseTest">
    <ignored/>
  </testcase> <!-- @BeforeTest launchBrowser -->
</testsuite> <!-- Test -->
